  File_message.pb.cc
D:\iTool\protobuf-3.14.0\src\google\protobuf\parse_context.h(211,17): warning C4244: “初始化”: 从“__int64”转换到“int”，可能丢失数据
D:\iDATA\分布式系统\hw6\Filesystem\File_message.pb.cc(967,66): warning C4244: “=”: 从“google::protobuf::uint64”转换到“google::protobuf::int32”，可能丢失数据
D:\iTool\protobuf-3.14.0\src\google\protobuf\parse_context.h(350,22): warning C4244: “初始化”: 从“__int64”转换到“int”，可能丢失数据
D:\iTool\protobuf-3.14.0\src\google\protobuf\parse_context.h(366): message : 查看对正在编译的函数 模板 实例化“const char *google::protobuf::internal::EpsCopyInputStream::AppendUntilEnd<google::protobuf::internal::EpsCopyInputStream::AppendString::<lambda_2a2a8cefb56710607aa8bf74eb61d0f6>>(const char *,const A &)”的引用
          with
          [
              A=google::protobuf::internal::EpsCopyInputStream::AppendString::<lambda_2a2a8cefb56710607aa8bf74eb61d0f6>
          ]
  File_server.cc
D:\iTool\protobuf-3.14.0\src\google\protobuf\parse_context.h(211,17): warning C4244: “初始化”: 从“__int64”转换到“int”，可能丢失数据
D:\iDATA\分布式系统\hw6\Directory_Server\Dir_message.pb.cc(568,66): warning C4244: “=”: 从“google::protobuf::uint64”转换到“google::protobuf::int32”，可能丢失数据
D:\iDATA\分布式系统\hw6\Directory_Server\Dir_message.pb.cc(1006,66): warning C4244: “=”: 从“google::protobuf::uint64”转换到“google::protobuf::int32”，可能丢失数据
D:\iDATA\分布式系统\hw6\Directory_Server\Dir_message.pb.cc(1682,66): warning C4244: “=”: 从“google::protobuf::uint64”转换到“google::protobuf::int32”，可能丢失数据
D:\iTool\protobuf-3.14.0\src\google\protobuf\parse_context.h(350,22): warning C4244: “初始化”: 从“__int64”转换到“int”，可能丢失数据
D:\iTool\protobuf-3.14.0\src\google\protobuf\parse_context.h(366): message : 查看对正在编译的函数 模板 实例化“const char *google::protobuf::internal::EpsCopyInputStream::AppendUntilEnd<google::protobuf::internal::EpsCopyInputStream::AppendString::<lambda_2a2a8cefb56710607aa8bf74eb61d0f6>>(const char *,const A &)”的引用
          with
          [
              A=google::protobuf::internal::EpsCopyInputStream::AppendString::<lambda_2a2a8cefb56710607aa8bf74eb61d0f6>
          ]
  正在生成代码...
  Filesystem.vcxproj -> D:\iDATA\分布式系统\hw6\Filesystem\x64\Debug\Server.exe
